<?xml version="1.0" encoding="UTF-8"?>
<!-- Generated by org.testng.reporters.JUnitReportReporter -->
<testsuite hostname="BABLOO-24" failures="0" tests="1" name="ai.iamneo.assignmentone.Testing_Selenium_TestngOne.AppTest" time="12.451" errors="0" timestamp="2023-05-27T17:05:57 IST" skipped="0">
  <testcase classname="ai.iamneo.assignmentone.Testing_Selenium_TestngOne.AppTest" name="titlematch" time="12.451"/>
  <system-out/>
</testsuite> <!-- ai.iamneo.assignmentone.Testing_Selenium_TestngOne.AppTest -->
